info it worked if it ends with ok
verbose cli [ 'node', '/usr/bin/npm', 'install', '¨node-inspector' ]
info using npm@1.0.17
info using node@v0.5.4
verbose config file /Users/imsni/.npmrc
verbose config file /usr/etc/npmrc
silly testEngine { name: 'my-app',
silly testEngine   version: '1.0.0',
silly testEngine   scripts: { start: 'node server.js' },
silly testEngine   dependencies: { express: '*', 'socket.io': '*' },
silly testEngine   _npmJsonOpts: 
silly testEngine    { file: '/Users/imsni/Desktop/cb/package.json',
silly testEngine      wscript: false,
silly testEngine      contributors: false,
silly testEngine      serverjs: true },
silly testEngine   _id: 'my-app@1.0.0',
silly testEngine   devDependencies: {},
silly testEngine   engines: { node: '*' },
silly testEngine   _engineSupported: true,
silly testEngine   _npmVersion: '1.0.17',
silly testEngine   _nodeVersion: 'v0.5.4',
silly testEngine   _defaultsLoaded: true }
verbose caching /Users/imsni/Desktop/cb/package.json
verbose loadDefaults my-app@1.0.0
silly testEngine { name: 'express',
silly testEngine   description: 'Sinatra inspired web development framework',
silly testEngine   version: '2.5.8',
silly testEngine   author: 
silly testEngine    { name: 'TJ Holowaychuk',
silly testEngine      email: 'tj@vision-media.ca' },
silly testEngine   contributors: 
silly testEngine    [ { name: 'TJ Holowaychuk',
silly testEngine        email: 'tj@vision-media.ca' },
silly testEngine      { name: 'Aaron Heckmann',
silly testEngine        email: 'aaron.heckmann+github@gmail.com' },
silly testEngine      { name: 'Ciaran Jessup', email: 'ciaranj@gmail.com' },
silly testEngine      { name: 'Guillermo Rauch', email: 'rauchg@gmail.com' } ],
silly testEngine   dependencies: 
silly testEngine    { connect: '1.x',
silly testEngine      mime: '1.2.4',
silly testEngine      qs: '0.4.x',
silly testEngine      mkdirp: '0.3.0' },
silly testEngine   devDependencies: 
silly testEngine    { 'connect-form': '0.2.1',
silly testEngine      ejs: '0.4.2',
silly testEngine      expresso: '0.9.2',
silly testEngine      hamljs: '0.6.x',
silly testEngine      jade: '0.16.2',
silly testEngine      stylus: '0.13.0',
silly testEngine      should: '0.3.2',
silly testEngine      'express-messages': '0.0.2',
silly testEngine      'node-markdown': '>= 0.0.1',
silly testEngine      'connect-redis': '>= 0.0.1' },
silly testEngine   keywords: [ 'framework', 'sinatra', 'web', 'rest', 'restful' ],
silly testEngine   repository: 
silly testEngine    { type: 'git',
silly testEngine      url: 'git://github.com/visionmedia/express.git' },
silly testEngine   main: 'index',
silly testEngine   bin: { express: './bin/express' },
silly testEngine   scripts: { test: 'make test', prepublish: 'npm prune' },
silly testEngine   engines: { node: '>= 0.4.1 < 0.7.0' },
silly testEngine   _npmJsonOpts: 
silly testEngine    { file: '/Users/imsni/Desktop/cb/node_modules/express/package.json',
silly testEngine      wscript: false,
silly testEngine      contributors: false,
silly testEngine      serverjs: false },
silly testEngine   _id: 'express@2.5.8',
silly testEngine   _engineSupported: true,
silly testEngine   _npmVersion: '1.0.17',
silly testEngine   _nodeVersion: 'v0.5.4',
silly testEngine   _defaultsLoaded: true }
verbose caching /Users/imsni/Desktop/cb/node_modules/express/package.json
verbose loadDefaults express@2.5.8
silly testEngine { name: 'jade',
silly testEngine   description: 'Jade template engine',
silly testEngine   version: '0.21.0',
silly testEngine   author: 
silly testEngine    { name: 'TJ Holowaychuk',
silly testEngine      email: 'tj@vision-media.ca' },
silly testEngine   repository: 
silly testEngine    { type: 'git',
silly testEngine      url: 'git://github.com/visionmedia/jade.git' },
silly testEngine   main: './index.js',
silly testEngine   bin: { jade: './bin/jade' },
silly testEngine   dependencies: { commander: '0.5.x', mkdirp: '>= 0.0.7' },
silly testEngine   devDependencies: 
silly testEngine    { mocha: '*',
silly testEngine      'coffee-script': '*',
silly testEngine      markdown: '*',
silly testEngine      stylus: '*',
silly testEngine      uubench: '*',
silly testEngine      should: '*',
silly testEngine      less: '*',
silly testEngine      'uglify-js': '*' },
silly testEngine   scripts: { prepublish: 'npm prune' },
silly testEngine   engines: { node: '>= 0.1.98' },
silly testEngine   _npmJsonOpts: 
silly testEngine    { file: '/Users/imsni/Desktop/cb/node_modules/jade/package.json',
silly testEngine      wscript: false,
silly testEngine      contributors: false,
silly testEngine      serverjs: false },
silly testEngine   _id: 'jade@0.21.0',
silly testEngine   _engineSupported: true,
silly testEngine   _npmVersion: '1.0.17',
silly testEngine   _nodeVersion: 'v0.5.4',
silly testEngine   _defaultsLoaded: true }
verbose caching /Users/imsni/Desktop/cb/node_modules/jade/package.json
verbose loadDefaults jade@0.21.0
silly testEngine { name: 'mysql',
silly testEngine   version: '0.9.5',
silly testEngine   author: 
silly testEngine    { name: 'Felix Geisendörfer',
silly testEngine      email: 'felix@debuggable.com',
silly testEngine      url: 'http://debuggable.com/' },
silly testEngine   description: 'A pure node.js JavaScript Client implementing the MySQL protocol.',
silly testEngine   homepage: 'https://github.com/felixge/node-mysql',
silly testEngine   repository: 
silly testEngine    { type: 'git',
silly testEngine      url: 'git://github.com/felixge/node-mysql.git' },
silly testEngine   main: './index',
silly testEngine   scripts: { test: 'make test' },
silly testEngine   dependencies: { hashish: '0.0.4' },
silly testEngine   devDependencies: { gently: '0.8.0', urun: '0.0.4', utest: '0.0.3' },
silly testEngine   engines: { node: '*' },
silly testEngine   _npmJsonOpts: 
silly testEngine    { file: '/Users/imsni/Desktop/cb/node_modules/mysql/package.json',
silly testEngine      wscript: false,
silly testEngine      contributors: false,
silly testEngine      serverjs: false },
silly testEngine   _id: 'mysql@0.9.5',
silly testEngine   _engineSupported: true,
silly testEngine   _npmVersion: '1.0.17',
silly testEngine   _nodeVersion: 'v0.5.4',
silly testEngine   _defaultsLoaded: true }
verbose caching /Users/imsni/Desktop/cb/node_modules/mysql/package.json
verbose loadDefaults mysql@0.9.5
silly testEngine { name: 'socket.io',
silly testEngine   version: '0.9.2',
silly testEngine   description: 'Real-time apps made cross-browser & easy with a WebSocket-like API',
silly testEngine   homepage: 'http://socket.io',
silly testEngine   keywords: 
silly testEngine    [ 'websocket',
silly testEngine      'socket',
silly testEngine      'realtime',
silly testEngine      'socket.io',
silly testEngine      'comet',
silly testEngine      'ajax' ],
silly testEngine   author: 
silly testEngine    { name: 'Guillermo Rauch',
silly testEngine      email: 'guillermo@learnboost.com' },
silly testEngine   contributors: 
silly testEngine    [ { name: 'Guillermo Rauch', email: 'rauchg@gmail.com' },
silly testEngine      { name: 'Arnout Kazemier',
silly testEngine        email: 'info@3rd-eden.com' },
silly testEngine      { name: 'Vladimir Dronnikov',
silly testEngine        email: 'dronnikov@gmail.com' },
silly testEngine      { name: 'Einar Otto Stangvik',
silly testEngine        email: 'einaros@gmail.com' } ],
silly testEngine   repository: 
silly testEngine    { type: 'git',
silly testEngine      url: 'git://github.com/LearnBoost/socket.io.git' },
silly testEngine   dependencies: 
silly testEngine    { 'socket.io-client': '0.9.2',
silly testEngine      policyfile: '0.0.4',
silly testEngine      redis: '0.6.7' },
silly testEngine   devDependencies: 
silly testEngine    { expresso: '0.9.2',
silly testEngine      should: '0.0.4',
silly testEngine      benchmark: '0.2.2',
silly testEngine      microtime: '0.1.3-1',
silly testEngine      colors: '0.5.1' },
silly testEngine   main: 'index',
silly testEngine   engines: { node: '>= 0.4.0' },
silly testEngine   scripts: { test: 'make test' },
silly testEngine   _npmJsonOpts: 
silly testEngine    { file: '/Users/imsni/Desktop/cb/node_modules/socket.io/package.json',
silly testEngine      wscript: false,
silly testEngine      contributors: false,
silly testEngine      serverjs: false },
silly testEngine   _id: 'socket.io@0.9.2',
silly testEngine   _engineSupported: true,
silly testEngine   _npmVersion: '1.0.17',
silly testEngine   _nodeVersion: 'v0.5.4',
silly testEngine   _defaultsLoaded: true }
verbose caching /Users/imsni/Desktop/cb/node_modules/socket.io/package.json
verbose loadDefaults socket.io@0.9.2
silly testEngine { author: { name: 'Joyent', url: 'http://www.joyent.com' },
silly testEngine   name: 'url',
silly testEngine   description: 'Node.JS url module',
silly testEngine   keywords: [ 'ender', 'url' ],
silly testEngine   version: '0.4.9',
silly testEngine   homepage: 'http://nodejs.org/docs/v0.4.9/api/url.html',
silly testEngine   repository: 
silly testEngine    { type: 'git',
silly testEngine      url: 'git://github.com/coolaj86/nodejs-libs-4-browser.git' },
silly testEngine   main: './url.js',
silly testEngine   directories: { lib: '.' },
silly testEngine   engines: { node: '>= 0.2.0', ender: '>= 0.5.0' },
silly testEngine   dependencies: { querystring: '>= 0.0.0' },
silly testEngine   devDependencies: {},
silly testEngine   _npmJsonOpts: 
silly testEngine    { file: '/Users/imsni/Desktop/cb/node_modules/url/package.json',
silly testEngine      wscript: false,
silly testEngine      contributors: false,
silly testEngine      serverjs: false },
silly testEngine   _id: 'url@0.4.9',
silly testEngine   _engineSupported: true,
silly testEngine   _npmVersion: '1.0.17',
silly testEngine   _nodeVersion: 'v0.5.4',
silly testEngine   _defaultsLoaded: true }
verbose caching /Users/imsni/Desktop/cb/node_modules/url/package.json
verbose loadDefaults url@0.4.9
verbose from cache /Users/imsni/Desktop/cb/package.json
verbose into /Users/imsni/Desktop/cb [ '¨node-inspector' ]
verbose cache add [ '¨node-inspector', null ]
info addNamed [ '¨node-inspector', '' ]
verbose addNamed [ null, '' ]
verbose GET ¨node-inspector
verbose raw, before any munging ¨node-inspector
verbose url resolving [ 'http://registry.npmjs.org/',
verbose url resolving   './%C2%A8node-inspector' ]
verbose url resolved http://registry.npmjs.org/%C2%A8node-inspector
verbose url parsed { protocol: 'http:',
verbose url parsed   slashes: true,
verbose url parsed   host: 'registry.npmjs.org',
verbose url parsed   hostname: 'registry.npmjs.org',
verbose url parsed   href: 'http://registry.npmjs.org/%C2%A8node-inspector',
verbose url parsed   pathname: '/%C2%A8node-inspector' }
verbose response http://registry.npmjs.org/%C2%A8node-inspector
silly chunk {"error":"not_found","reason":"document not found"}
silly chunk 
silly get cb [ 404,
silly get cb   { server: 'CouchDB/1.2.0 (Erlang OTP/R15B)',
silly get cb     date: 'Fri, 16 Mar 2012 14:40:33 GMT',
silly get cb     'content-type': 'application/json',
silly get cb     'content-length': '52',
silly get cb     'cache-control': 'must-revalidate' } ]
ERR! 404 '%C2%A8node-inspector' is not in the npm registry.
ERR! 404 You should bug the author to publish it.
ERR! 404 Note that you can also install from a tarball or folder.
ERR! 
ERR! System Darwin 11.3.0
ERR! command "node" "/usr/bin/npm" "install" "¨node-inspector"
ERR! cwd /Users/imsni/Desktop/cb
ERR! node -v v0.5.4
ERR! npm -v 1.0.17
verbose exit [ 1, true ]
